##########################################################
#    Opium Report File                                   #
##########################################################
     Opium version:        4.1

### copy of the parameter file #######################

[Atom]
Ru
11            
100   2.00  -
200   2.00  -
210   6.00  -
300   2.00  -
310   6.00  -
320  10.00  -
400   2.00  -
410   6.00  -
420   5.00  -
500   0.00  -
510   0.00  -

[Pseudo]
5 -1 -1 -1 -1 -1
g

[Relativity]
frl

[XC]
pbe

[KBdesign]
s

[Gaussinfo]
16 5 3
2 4 4 2 3   4 4 2
2 11.500590  209.786493
2 5.068575   30.214307
2 10.532634  48.751244
2 10.192010  97.496529
2 4.734892   7.860188
2 4.509065   15.329751
2 8.877977   26.967506
2 8.766122   40.432303
2 3.170196   3.340758
2 3.228851   5.256352
2 7.820249  -8.847525
2 7.839647  -11.835518
1 30.00000   16.00000
3 30.00000   480
2 27.55000  -156.921
2 10.532634 -97.502488
2 10.192010  97.496529
2 4.734892  -15.720375
2 4.509065   15.329751
2 8.877977 -26.967506
2 8.766122  26.954869
2 3.170196  -3.340758
2 3.228851   3.504235
2 7.820249  5.898350
2 7.839647 -5.917759

[Configs]
15

400   2.00  -
410   6.00  -
420   8.00  -
500   0.00  -
510   0.00  -

400   2.00  -
410   6.00  -
420   7.00  -
500   1.00  -
510   0.00  -


400   2.00  -
410   6.00  -
420   7.00  -
500   0.00  -
510   0.00  -

400   2.00  -
410   6.00  -
420   6.00  -
500   1.00  -
510   0.00  -

400   2.00  -
410   6.00  -
420   6.00  -
500   0.00  -
510   1.00  -


400   2.00  -
410   6.00  -
420   6.00  -
500   0.00  -
510   0.00  -

400   2.00  -
410   6.00  -
420   5.00  -
500   1.00  -
510   0.00  -

400   2.00  -
410   6.00  -
420   5.00  -
500   0.00  -
510   1.00  -


400   2.00  -
410   6.00  -
420   4.00  -
500   1.00  -
510   0.00  -

400   2.00  -
410   6.00  -
420   4.00  -
500   0.00  -
510   0.00  -

400   2.00  -
410   6.00  -
420   4.00  -
500   0.00  -
510   1.00  -


400   2.00  -
410   6.00  -
420   4.00  -
500   0.00  -
510   0.00  -

400   2.00  -
410   6.00  -
420   3.00  -
500   1.00  -
510   0.00  -


400   2.00  -
410   6.00  -
420   3.00  -
500   0.00  -
510   0.00  -


400   2.00  -
410   6.00  -
420   2.00  -
500   0.00  -
510   0.00  -



### AE report ########################################

 AE:Orbital    Filling       Eigenvalues[Ry]          Norm
    ----------------------------------------------------------
	100+	 2.000	   -1609.5110803283
	200+	 2.000	    -233.7800949108
	210-	 2.000	    -216.2082370278
	210+	 4.000	    -206.6448746030
	300+	 2.000	     -43.3353115731
	310-	 2.000	     -36.5203603692
	310+	 4.000	     -34.8961418528
	320-	 4.000	     -22.8561761591
	320+	 6.000	     -22.5387781810
	400+	 2.000	      -8.1495449239	  0.0362875997
	410-	 2.000	      -6.0999296787	  0.0542366215
	410+	 4.000	      -5.8446505477	  0.0635869535
	420-	 2.000	      -2.7639798655	  0.1389229477
	420+	 3.000	      -2.7335132338	  0.1440338442
	500+	 0.000	      -2.1107357688	  0.8733940688
	510-	 0.000	      -1.6425065660	  0.9097437152
	510+	 0.000	      -1.6067271842	  0.9156654895

      E_tot =    -9051.9155886198 Ry

### PS report ########################################

    Orbital       Ghost
    -----------------------------------------------------------------
	400 	    no
	410 	    no
	410 	    no
	420 	    no
	420 	    no


### NL/SL report #####################################


 NL:Orbital    Filling       Eigenvalues[Ry]          Norm       Ghost
    ------------------------------------------------------------------
	400+	 2.000	      -8.1909826778	  0.0354947326	    no
	410-	 2.000	      -6.1140153263	  0.0538893229	    no
	410+	 4.000	      -5.8680558374	  0.0627730459	    no
	420-	 2.000	      -2.7493945580	  0.1409405989	    no
	420+	 3.000	      -2.7259498452	  0.1451996101	    no
	500+	 0.000	      -2.1185658929	  0.8719679597	    no
	510-	 0.000	      -1.6445277722	  0.9096450881	    no
	510+	 0.000	      -1.6057924042	  0.9179271688	    no

	 ========== No ghosts in potential!!========== 

      E_tot =     -184.7280198465 Ry

### KE report ########################################

	 ===   Ecut necessary for ~1    eV convergence error / electron === 
	 --------------------------------------------------------------- 
		 	 Ecut[Ry] 	 error [meV/e] 
	400+ 		   54 	          994.375 
	410- 		   68 	          989.543 
	410+ 		   64 	          989.487 
	420- 		   33 	          982.243 
	420+ 		   32 	          987.736 
	500+ 		   54 	          994.375 
	510- 		   68 	          989.543 
	510+ 		   64 	          989.487 
	 ===   Ecut necessary for ~100 meV convergence error / electron === 
	 --------------------------------------------------------------- 
		 	 Ecut[Ry] 	 error [meV/e] 
	400+ 		   154 	           99.822 
	410- 		   100 	           99.130 
	410+ 		   95 	           99.116 
	420- 		   49 	           99.255 
	420+ 		   49 	           99.175 
	500+ 		   154 	           99.822 
	510- 		   100 	           99.130 
	510+ 		   95 	           99.116 

	 ===   Ecut necessary for  ~10 meV convergence error / electron === 
	 --------------------------------------------------------------- 
		 	 Ecut[Ry] 	 error [meV/e] 
	400+ 		   201 	            9.945 
	410- 		   230 	            9.939 
	410+ 		   222 	            9.982 
	420- 		   132 	            9.948 
	420+ 		   130 	            9.903 
	500+ 		   201 	            9.945 
	510- 		   230 	            9.939 
	510+ 		   222 	            9.982 

	 ===   Ecut necessary for   ~1 meV convergence error / electron === 
	 --------------------------------------------------------------- 
		 	 Ecut[Ry] 	 error [meV/e] 
	400+ 		   367 	            0.996 
	410- 		   290 	            0.985 
	410+ 		   281 	            0.989 
	420- 		   309 	            1.000 
	420+ 		   304 	            0.999 
	500+ 		   367 	            0.996 
	510- 		   290 	            0.985 
	510+ 		   281 	            0.989 

### TC report ########################################

Comparison of total energies
Config	 E_sl(Ry)	 E_nl(Ry)	 Delta(eV)
0     -184.728020     -184.728020        0.000001
1     -188.859908     -188.860657        0.010188
2     -188.842405     -188.842839        0.005907
3     -188.301698     -188.302146        0.006086
4     -188.104930     -188.105091        0.002194
5     -187.746451     -187.745574       -0.011935
6     -186.970368     -186.970500        0.001795
7     -186.545695     -186.545701        0.000080
8     -186.100587     -186.098609       -0.026914
9     -184.040843     -184.040909        0.000891
10     -181.467777     -181.467908        0.001778
11     -183.517094     -183.513802       -0.044792
12     -181.467777     -181.467908        0.001778
13     -180.491659     -180.491934        0.003744
14     -177.100996     -177.101407        0.005598
15     -171.551070     -171.551540        0.006397
MAD (eV): 0.00812991
