##########################################################
#    Opium Report File                                   #
##########################################################
     Opium version:        4.1

### copy of the parameter file #######################

[Atom]
Ru
11            
100   2.00  -
200   2.00  -
210   6.00  -
300   2.00  -
310   6.00  -
320  10.00  -
400   2.00  -
410   6.00  -
420   5.00  -
500   0.00  -
510   0.00  -

[Pseudo]
5 -1 -1 -1 -1 -1
g

[Relativity]
srl

[XC]
pbe

[KBdesign]
s

[Gaussinfo]
16 5
2 4 4 2 3
2 11.500590  209.786493
2 5.068575   30.214307
2 10.532634  48.751244
2 10.192010  97.496529
2 4.734892   7.860188
2 4.509065   15.329751
2 8.877977   26.967506
2 8.766122   40.432303
2 3.170196   3.340758
2 3.228851   5.256352
2 7.820249  -8.847525
2 7.839647  -11.835518
1 30.00000   16.00000
3 30.00000   480
2 27.55000  -156.921

[Configs]
15

400   2.00  -
410   6.00  -
420   8.00  -
500   0.00  -
510   0.00  -

400   2.00  -
410   6.00  -
420   7.00  -
500   1.00  -
510   0.00  -


400   2.00  -
410   6.00  -
420   7.00  -
500   0.00  -
510   0.00  -

400   2.00  -
410   6.00  -
420   6.00  -
500   1.00  -
510   0.00  -

400   2.00  -
410   6.00  -
420   6.00  -
500   0.00  -
510   1.00  -


400   2.00  -
410   6.00  -
420   6.00  -
500   0.00  -
510   0.00  -

400   2.00  -
410   6.00  -
420   5.00  -
500   1.00  -
510   0.00  -

400   2.00  -
410   6.00  -
420   5.00  -
500   0.00  -
510   1.00  -


400   2.00  -
410   6.00  -
420   4.00  -
500   1.00  -
510   0.00  -

400   2.00  -
410   6.00  -
420   4.00  -
500   0.00  -
510   0.00  -

400   2.00  -
410   6.00  -
420   4.00  -
500   0.00  -
510   1.00  -


400   2.00  -
410   6.00  -
420   4.00  -
500   0.00  -
510   0.00  -

400   2.00  -
410   6.00  -
420   3.00  -
500   1.00  -
510   0.00  -


400   2.00  -
410   6.00  -
420   3.00  -
500   0.00  -
510   0.00  -


400   2.00  -
410   6.00  -
420   2.00  -
500   0.00  -
510   0.00  -


### AE report ########################################

 AE:Orbital    Filling       Eigenvalues[Ry]          Norm
    ----------------------------------------------------------
	400	 2.000	      -8.1495449239	  0.0363307908
	410	 6.000	      -5.9297435914	  0.0605030883
	420	 5.000	      -2.7456998865	  0.1420637920
	500	 0.000	      -2.1107357688	  0.8734042526
	510	 0.000	      -1.6186536448	  0.9137473747

      E_tot =    -9051.9155886198 Ry

### PS report ########################################

    Orbital       Ghost
    -----------------------------------------------------------------
	100 	    no
	210 	    no
	320 	    no


### NL/SL report #####################################


 NL:Orbital    Filling       Eigenvalues[Ry]          Norm       Ghost
    ------------------------------------------------------------------
	100 	 2.000	      -8.1911672047	  0.0354892372	    no
	210 	 6.000	      -5.9473542465	  0.0597370192	    no
	320 	 5.000	      -2.7351843640	  0.1434881008	    no
	200 	 0.000	      -2.1185206214	  0.8719711973	    no
	310 	 0.000	      -1.6234861580	  0.9123510791	    no

	 ========== No ghosts in potential!!========== 

      E_tot =     -184.7104428520 Ry

### KE report ########################################

	 ===   Ecut necessary for ~1    eV convergence error / electron === 
	 --------------------------------------------------------------- 
		 	 Ecut[Ry] 	 error [meV/e] 
	100  		   54 	          994.498 
	210  		   65 	          995.449 
	320  		   32 	          999.651 
	200  		   54 	          994.498 
	310  		   65 	          995.449 
	 ===   Ecut necessary for ~100 meV convergence error / electron === 
	 --------------------------------------------------------------- 
		 	 Ecut[Ry] 	 error [meV/e] 
	100  		   154 	           99.812 
	210  		   97 	           99.360 
	320  		   49 	           99.174 
	200  		   154 	           99.812 
	310  		   97 	           99.360 

	 ===   Ecut necessary for  ~10 meV convergence error / electron === 
	 --------------------------------------------------------------- 
		 	 Ecut[Ry] 	 error [meV/e] 
	100  		   201 	            9.938 
	210  		   224 	            9.947 
	320  		   131 	            9.959 
	200  		   201 	            9.938 
	310  		   224 	            9.947 

	 ===   Ecut necessary for   ~1 meV convergence error / electron === 
	 --------------------------------------------------------------- 
		 	 Ecut[Ry] 	 error [meV/e] 
	100  		   367 	            0.994 
	210  		   284 	            0.988 
	320  		   306 	            0.995 
	200  		   367 	            0.994 
	310  		   284 	            0.988 

### TC report ########################################

Comparison of total energies
Config	 E_sl(Ry)	 E_nl(Ry)	 Delta(eV)
0     -184.710443     -184.710443        0.000001
1     -188.841817     -188.842670        0.011606
2     -188.824462     -188.824963        0.006822
3     -188.283798     -188.284330        0.007241
4     -188.087155     -188.087348        0.002620
5     -187.728499     -187.729648        0.015626
6     -186.952637     -186.952804        0.002273
7     -186.528074     -186.528080        0.000082
8     -186.082719     -186.084568        0.025156
9     -184.023361     -184.023478        0.001596
10     -181.450333     -181.450541        0.002831
11     -183.499295     -183.502545        0.044223
12     -181.450333     -181.450541        0.002831
13     -180.474295     -180.474889        0.008085
14     -177.083662     -177.084497        0.011362
15     -171.533828     -171.535556        0.023509
MAD (eV): 0.0103665
